0.0000000000000000e+00 0 0 0 1.2683818088056955e+00 4.4721359549995794e+19 - 0.0000000000000000e+00 - 0.0000000000000000e+00 9.8406694343369647e+00 0.0000000000000000e+00
9.9999999999999995e-07 1 0 2.1849311682012527e-20 1.2683961340682124e+00 4.4721359549995794e+19 - 0.0000000000000000e+00 2.0098686218261719e-04 - 9.8411427181303406e+00 9.8409060698790143e-06
2.7999999999999999e-06 2 0 7.4372373241620501e-19 1.2684219182750962e+00 4.4721359549995794e+19 - 0.0000000000000000e+00 6.8902969360351562e-05 - 9.8419948852559500e+00 2.7555729875845885e-05
6.0399999999999998e-06 3 0 2.5331369283050918e-17 1.2684683257443368e+00 4.4721359549995794e+19 - 0.0000000000000000e+00 6.1035156250000000e-05 - 9.8435296171514448e+00 5.9446279353274481e-05
1.1872000000000001e-05 4 0 8.6376151831833805e-16 1.2685518458804441e+00 4.4721359549995794e+19 - 0.0000000000000000e+00 5.9127807617187500e-05 - 9.8462948311132656e+00 1.1686180617968059e-04
2.2369600000000003e-05 5 0 2.9512737093162654e-14 1.2687021389221955e+00 4.4721359549995794e+19 - 0.0000000000000000e+00 1.0013580322265625e-04 - 9.8512809757770157e+00 2.2025043467503426e-04
4.1265280000000005e-05 6 0 1.0120696867068283e-12 1.2689725259300746e+00 4.4721359549995794e+19 - 0.0000000000000000e+00 1.0299682617187500e-04 - 9.8602845500589389e+00 4.0648210850429751e-04
7.5277504000000010e-05 7 0 3.4935452218333711e-11 1.2694587645682067e+00 4.4721359549995794e+19 - 0.0000000000000000e+00 7.7009201049804688e-05 - 9.8765841502747236e+00 7.4212925232023210e-04
1.3649950720000004e-04 8 0 2.0964170156917742e-09 1.2703167848331076e+00 4.4721359549995794e+19 - 0.0000000000000000e+00 7.7009201049804688e-05 - 9.9059414794706058e+00 1.3476941220530391e-03
2.4669911296000004e-04 9 0 3.7507890970470349e-08 1.2718427158643257e+00 4.4721359549995794e+19 - 0.0000000000000000e+00 5.6982040405273438e-05 - 9.9594983734261895e+00 2.4422679542710889e-03
4.4505840332800009e-04 10 0 1.4667112928726745e-06 1.2744954812715745e+00 4.4721359549995794e+19 - 0.0000000000000000e+00 5.6982040405273438e-05 - 1.0057884937559184e+01 4.4275645400092128e-03
8.0210512599040019e-04 11 0 5.5815144187857746e-05 1.2789924385647011e+00 4.4721359549995794e+19 - 0.0000000000000000e+00 8.1062316894531250e-05 - 1.0242598213996470e+01 8.0514718357715398e-03
1.4447892267827203e-03 12 0 2.4555869894919632e-03 1.2859970292154652e+00 4.4721359549995794e+19 - 0.0000000000000000e+00 5.8174133300781250e-05 - 1.0602135576828971e+01 1.4748255159119851e-02
2.6016206082088967e-03 13 0 1.1702546927375376e-01 1.2945185690801462e+00 4.4721359549995794e+19 - 0.0000000000000000e+00 5.8174133300781250e-05 - 1.1366777386095306e+01 2.7442990083184765e-02
4.0902931299092830e-03 14 0 7.3683763518964485e-01 1.2954566250287420e+00 4.4721359549995794e+19 - 0.0000000000000000e+00 5.8174133300781250e-05 - 1.2671975809427206e+01 4.5295443504819198e-02
5.5000570176145331e-03 15 0 4.7502829418215692e-01 1.3592006937721659e+00 4.4721359549995794e+19 - 0.0000000000000000e+00 5.9127807617187500e-05 - 1.4375897153131039e+01 6.4315850525864596e-02
6.9364357889511244e-03 16 0 1.4759399719593516e-01 1.4930382601484355e+00 4.4721359549995794e+19 - 0.0000000000000000e+00 5.8889389038085938e-05 - 1.6616623966010003e+01 8.6535436660077986e-02
8.1712676641542657e-03 17 1 2.4926219725101131e-01 1.5959923564099312e+00 4.4721359549995794e+19 - 0.0000000000000000e+00 1.2707710266113281e-04 - 1.8699454589331314e+01 1.0834686658392456e-01
9.2592224689115096e-03 18 2 4.2515119943045288e-01 1.6594207647280945e+00 4.4721359549995794e+19 - 0.0000000000000000e+00 1.4114379882812500e-04 - 2.0196020979978524e+01 1.2954646030135172e-01
1.0275423541260303e-02 19 3 5.0370402164659822e-01 1.6816225678273919e+00 4.4721359549995794e+19 - 0.0000000000000000e+00 2.0599365234375000e-04 - 2.0837458157368363e+01 1.5045477414870548e-01
1.1300743918364820e-02 20 3 5.9558393254716091e-01 1.6595515430762138e+00 4.4721359549995794e+19 - 0.0000000000000000e+00 1.0704994201660156e-04 - 2.0412334904319739e+01 1.7167539497705739e-01
1.2306775472407112e-02 21 3 4.2887354554920265e-01 1.5953386172390560e+00 4.4721359549995794e+19 - 0.0000000000000000e+00 6.7949295043945312e-05 - 1.8938169229020534e+01 1.9152933359742375e-01
1.3349411119035159e-02 22 3 2.9696294932712192e-01 1.4925244126991579e+00 4.4721359549995794e+19 - 0.0000000000000000e+00 1.0085105895996094e-04 - 1.6588542919692213e+01 2.1009184837177924e-01
1.4498247112510044e-02 23 3 1.9474800693818467e-01 1.3520455530107180e+00 4.4721359549995794e+19 - 0.0000000000000000e+00 8.7022781372070312e-05 - 1.3563850848999168e+01 2.2742461339184683e-01
1.5856315706957835e-02 24 3 1.0609567597586153e-01 1.1720282194882414e+00 4.4721359549995794e+19 - 0.0000000000000000e+00 6.6041946411132812e-05 - 1.0090748908404265e+01 2.4345310266994408e-01
1.7632745036535499e-02 25 3 3.2787108685533313e-02 9.4556654102341375e-01 4.4721359549995794e+19 - 0.0000000000000000e+00 6.6041946411132812e-05 - 6.4284794391401876e+00 2.5799411926483296e-01
1.9898307609396419e-02 26 4 5.2640213267543690e-01 7.0247672166306452e-01 4.4721359549995794e+19 - 0.0000000000000000e+00 1.4996528625488281e-04 - 3.4106674063818554e+00 2.6890017119701676e-01
2.2167470282338300e-02 27 4 5.9934161038330258e-01 5.1787499683620020e-01 4.4721359549995794e+19 - 0.0000000000000000e+00 6.9141387939453125e-05 - 1.7609449627121143e+00 2.7461790212341508e-01
2.4391611722637683e-02 28 4 3.3986714551125374e-01 3.8628689509934266e-01 4.4721359549995794e+19 - 0.0000000000000000e+00 7.9154968261718750e-05 - 9.2451615613052129e-01 2.7752732257007939e-01
2.6787795079760424e-02 29 4 2.7792864260212113e-01 2.8610337880337988e-01 4.4721359549995794e+19 - 0.0000000000000000e+00 8.2969665527343750e-05 - 4.7709713420601985e-01 2.7915770939691631e-01
2.9457359092403042e-02 30 4 2.4305420931710378e-01 2.1069844756997619e-01 4.4721359549995794e+19 - 0.0000000000000000e+00 1.0704994201660156e-04 - 2.4804797546368146e-01 2.8009437839826623e-01
3.2498703879440635e-02 31 4 2.0824787885198534e-01 1.5581849488191424e-01 4.4721359549995794e+19 - 0.0000000000000000e+00 9.5129013061523438e-05 - 1.3931735919023985e-01 2.8066435932109718e-01
3.6054018748274880e-02 32 4 1.8052988857989313e-01 1.1760715857795345e-01 4.4721359549995794e+19 - 0.0000000000000000e+00 6.8902969360351562e-05 - 9.2379753023867403e-02 2.8106527556788802e-01
4.0310287665906122e-02 33 4 1.4863118382906124e-01 9.2831787152976089e-02 4.4721359549995794e+19 - 0.0000000000000000e+00 1.0800361633300781e-04 - 7.4392967476606023e-02 2.8141450918175592e-01
4.5573528540680655e-02 34 4 1.1236859763963586e-01 9.1791046612911667e-02 4.4721359549995794e+19 - 0.0000000000000000e+00 1.1014938354492188e-04 - 6.8158141194021540e-02 2.8178702999054578e-01
5.2392542750623092e-02 35 4 7.5603724382269047e-02 9.1227030851654997e-02 4.4721359549995794e+19 - 0.0000000000000000e+00 1.1014938354492188e-04 - 6.5840699287410570e-02 2.8224286254163122e-01
6.1830403672319137e-02 36 4 4.0848503861478300e-02 9.0487593606083452e-02 4.4721359549995794e+19 - 0.0000000000000000e+00 9.8943710327148438e-05 - 6.4390419414554090e-02 2.8285701581147393e-01
7.6304342192032873e-02 37 4 1.9276178166162630e-02 8.9411812043552377e-02 4.4721359549995794e+19 - 0.0000000000000000e+00 6.5088272094726562e-05 - 6.2764243023842564e-02 2.8377689898475494e-01
1.0146135539592634e-01 38 4 6.7500509202731906e-01 8.7915627503409394e-02 4.4721359549995794e+19 - 0.0000000000000000e+00 6.5088272094726562e-05 - 6.0714354167684559e-02 2.8532859192177973e-01
1.2563546085126004e-01 39 4 6.8285628711398139e-01 8.7105195113894363e-02 4.4721359549995794e+19 - 0.0000000000000000e+00 6.4849853515625000e-05 - 5.9742152479152294e-02 2.8678296651879803e-01
1.4882033287568205e-01 40 4 8.0684750896284541e-01 8.7077550260703157e-02 4.4721359549995794e+19 - 0.0000000000000000e+00 6.4134597778320312e-05 - 5.9964268682550725e-02 2.8816884391772846e-01
1.7044662020169896e-01 41 4 9.7901668766096694e-01 8.7904903425647898e-02 4.4721359549995794e+19 - 0.0000000000000000e+00 6.4849853515625000e-05 - 6.1501791007507731e-02 2.8948033260099176e-01
1.8997919348496359e-01 42 4 8.7088331397136354e-01 8.9536416301157426e-02 4.4721359549995794e+19 - 0.0000000000000000e+00 7.5101852416992188e-05 - 6.4317686726060891e-02 2.9070719195239930e-01
2.0796826066089702e-01 43 4 8.5989755606707430e-01 9.1993712563225222e-02 4.4721359549995794e+19 - 0.0000000000000000e+00 7.1048736572265625e-05 - 6.8547632775565609e-02 2.9190020767765346e-01
2.2457088343863862e-01 44 4 8.0957011104639542e-01 9.5279404803884887e-02 4.4721359549995794e+19 - 0.0000000000000000e+00 6.4849853515625000e-05 - 7.4318769810286095e-02 2.9308396113930907e-01
2.4004871557938701e-01 45 4 7.5871905776475557e-01 9.9456141558917729e-02 4.4721359549995794e+19 - 0.0000000000000000e+00 6.5088272094726562e-05 - 8.1928526217502851e-02 2.9429066541013010e-01
2.5463481411122696e-01 46 4 8.0818744894348937e-01 1.0463978961093598e-01 4.4721359549995794e+19 - 0.0000000000000000e+00 1.0299682617187500e-04 - 9.1839040891932747e-02 2.9555509837841604e-01
2.6823661152516098e-01 47 4 7.9300693589432891e-01 1.1084126228571414e-01 4.4721359549995794e+19 - 0.0000000000000000e+00 1.1897087097167969e-04 - 1.0439291724574544e-01 2.9688642452385688e-01
2.8096067950227244e-01 48 4 7.8779061354443902e-01 1.1816522679969040e-01 4.4721359549995794e+19 - 0.0000000000000000e+00 1.0490417480468750e-04 - 1.2024429101539610e-01 2.9831183211784745e-01
2.9287675802512575e-01 49 4 7.5840953150495838e-01 1.2671043840234741e-01 4.4721359549995794e+19 - 0.0000000000000000e+00 1.0704994201660156e-04 - 1.4014585169843202e-01 2.9985886409177276e-01
3.0410707209692212e-01 50 4 7.2405794501690346e-01 1.3663700514158822e-01 4.4721359549995794e+19 - 0.0000000000000000e+00 1.0704994201660156e-04 - 1.6519147851647042e-01 3.0156828667759772e-01
3.1477316898314378e-01 51 4 7.2572035763113307e-01 1.4818770893509531e-01 4.4721359549995794e+19 - 0.0000000000000000e+00 7.0095062255859375e-05 - 1.9698585220593912e-01 3.0349372543838832e-01
3.2489952400723293e-01 52 4 7.4212607274441400e-01 1.6155141761520447e-01 4.4721359549995794e+19 - 0.0000000000000000e+00 6.4849853515625000e-05 - 2.3737693504944979e-01 3.0568555620581983e-01
3.3447769774875868e-01 53 4 7.5728560152136182e-01 1.7686178695134488e-01 4.4721359549995794e+19 - 0.0000000000000000e+00 6.5088272094726562e-05 - 2.8839684999123971e-01 3.0819470116490411e-01
3.4350688383003797e-01 54 4 7.1926622020570297e-01 1.9422184290841776e-01 4.4721359549995794e+19 - 0.0000000000000000e+00 6.4849853515625000e-05 - 3.5254868884686197e-01 3.1107799845071271e-01
3.5209193396032334e-01 55 4 6.9899210910599574e-01 2.1392756349738926e-01 4.4721359549995794e+19 - 0.0000000000000000e+00 6.5088272094726562e-05 - 4.3348658325779876e-01 3.1443993989880692e-01
3.6029368595144939e-01 56 4 6.8100636633495382e-01 2.3620149334002277e-01 4.4721359549995794e+19 - 0.0000000000000000e+00 6.6041946411132812e-05 - 5.3556742109095623e-01 3.1839957299539812e-01
3.6816336970088648e-01 57 4 6.5969643855998517e-01 2.6123200783000156e-01 4.4721359549995794e+19 - 0.0000000000000000e+00 6.4134597778320312e-05 - 6.6389653372862767e-01 3.2310256237908819e-01
3.7575454638476663e-01 58 4 6.2843306359189477e-01 2.8911610159393941e-01 4.4721359549995794e+19 - 0.0000000000000000e+00 1.0800361633300781e-04 - 8.2423526092348087e-01 3.2873178046323936e-01
3.8313656446835970e-01 59 4 5.6756589155043335e-01 3.1987434011745125e-01 4.4721359549995794e+19 - 0.0000000000000000e+00 6.9141387939453125e-05 - 1.0228086171158521e+00 3.3552791923165093e-01
3.9043811171009885e-01 60 4 4.7666637491470387e-01 3.5351918816671252e-01 4.4721359549995794e+19 - 0.0000000000000000e+00 6.3896179199218750e-05 - 1.2670106138263713e+00 3.4386469898174293e-01
3.9787323753956505e-01 61 4 3.2171002063530879e-01 3.9004155638257654e-01 4.4721359549995794e+19 - 0.0000000000000000e+00 6.5088272094726562e-05 - 1.5658457066092346e+00 3.5437375675374388e-01
4.0595712143698293e-01 62 4 1.2307266341916481e-01 4.3002532011797800e-01 4.4721359549995794e+19 - 0.0000000000000000e+00 6.4134597778320312e-05 - 1.9351821165797309e+00 3.6850800952804502e-01
4.1294974419646241e-01 63 5 3.2824669761528907e-01 4.6389453295466565e-01 4.4721359549995794e+19 - 0.0000000000000000e+00 1.2683868408203125e-04 - 2.2625257752732471e+00 3.8319016221786956e-01
4.1913491765760935e-01 64 6 4.7136892158060861e-01 4.8845041299933945e-01 4.4721359549995794e+19 - 0.0000000000000000e+00 1.2612342834472656e-04 - 2.5214841989669239e+00 3.9800347471394626e-01
4.2544498850957707e-01 65 6 9.9769224141555624e-01 5.0531211536712051e-01 4.4721359549995794e+19 - 0.0000000000000000e+00 6.6041946411132812e-05 - 2.7161915123987890e+00 4.1456374771646187e-01
4.3112623953979712e-01 66 6 6.8870809507321984e-01 5.1151908593827911e-01 4.4721359549995794e+19 - 0.0000000000000000e+00 6.4134597778320312e-05 - 2.8033138717959076e+00 4.3027620870949157e-01
4.3656726332162421e-01 67 6 5.5196097105403719e-01 5.0867105736158524e-01 4.4721359549995794e+19 - 0.0000000000000000e+00 6.4134597778320312e-05 - 2.7953710805597982e+00 4.4553840432547248e-01
4.4197403966891363e-01 68 6 4.4007415265471339e-01 4.9784964710534796e-01 4.4721359549995794e+19 - 0.0000000000000000e+00 7.8916549682617188e-05 - 2.7010334029930050e+00 4.6042420677164231e-01
4.4755351383558228e-01 69 6 3.8203653756637801e-01 4.7942336089848753e-01 4.4721359549995794e+19 - 0.0000000000000000e+00 6.4849853515625000e-05 - 2.5288397006236663e+00 4.7503665132448797e-01
4.5344852950502357e-01 70 6 3.4036537079830270e-01 4.5365455756836737e-01 4.4721359549995794e+19 - 0.0000000000000000e+00 6.4134597778320312e-05 - 2.2909133719096273e+00 4.8925849025438878e-01
4.5979798639100095e-01 71 6 4.0950482070098987e-01 4.2142150795705630e-01 4.4721359549995794e+19 - 0.0000000000000000e+00 6.3896179199218750e-05 - 2.0047172331704948e+00 5.0290183300566038e-01
4.6642934607968306e-01 72 6 3.6107803365347346e-01 3.8562844086849374e-01 4.4721359549995794e+19 - 0.0000000000000000e+00 6.3896179199218750e-05 - 1.7057711979995078e+00 5.1519872656988497e-01
4.7350193228422227e-01 73 6 3.1944817752992261e-01 3.5619104546960523e-01 4.4721359549995794e+19 - 0.0000000000000000e+00 6.5088272094726562e-05 - 1.4130518509108456e+00 5.2621204681808709e-01
4.8120069066533433e-01 74 6 3.0140038904717309e-01 3.2862504998224151e-01 4.4721359549995794e+19 - 0.0000000000000000e+00 6.4849853515625000e-05 - 1.1404977209238443e+00 5.3601696341038441e-01
4.8966268177200878e-01 75 6 2.7558999004628754e-01 3.0027672021630403e-01 4.4721359549995794e+19 - 0.0000000000000000e+00 6.3896179199218750e-05 - 8.9977360901137726e-01 5.4461771901662215e-01
4.9910338837324741e-01 76 6 2.5184543607076021e-01 2.7196644091403138e-01 4.4721359549995794e+19 - 0.0000000000000000e+00 6.3180923461914062e-05 - 6.9609544529151646e-01 5.5211412429250661e-01
5.0979536488661714e-01 77 6 3.1337439004212464e-01 2.4439000657816462e-01 4.4721359549995794e+19 - 0.0000000000000000e+00 6.4134597778320312e-05 - 5.3054050918202478e-01 5.5863205793827375e-01
5.2147125292743191e-01 78 6 4.5746200071316379e-01 2.1930434042115438e-01 4.4721359549995794e+19 - 0.0000000000000000e+00 6.4849853515625000e-05 - 4.0635406138858726e-01 5.6406627016766608e-01
5.3344251469096593e-01 79 6 3.7918978161497013e-01 1.9820703205786555e-01 4.4721359549995794e+19 - 0.0000000000000000e+00 6.3896179199218750e-05 - 3.2007960987145428e-01 5.6838961622541828e-01
5.4610657584509448e-01 80 6 3.4735529474316212e-01 1.7999886165147749e-01 4.4721359549995794e+19 - 0.0000000000000000e+00 6.4134597778320312e-05 - 2.5791418608125743e-01 5.7203079820590141e-01
5.5970076122425216e-01 81 6 3.1391628012327666e-01 1.6413982068294045e-01 4.4721359549995794e+19 - 0.0000000000000000e+00 6.2942504882812500e-05 - 2.1212235364746082e-01 5.7521130118500674e-01
5.7454165502989452e-01 82 6 2.9978925665438128e-01 1.5014114038157417e-01 4.4721359549995794e+19 - 0.0000000000000000e+00 6.2942504882812500e-05 - 1.7735199780861760e-01 5.7808997244587434e-01
5.9086841054220396e-01 83 6 2.8432549461414203e-01 1.3772913730775516e-01 4.4721359549995794e+19 - 0.0000000000000000e+00 6.2942504882812500e-05 - 1.5023395159216932e-01 5.8075498885865429e-01
6.0898903242891111e-01 84 6 4.8091760823772789e-01 1.2663234847890653e-01 4.4721359549995794e+19 - 0.0000000000000000e+00 6.2942504882812500e-05 - 1.2836681494390664e-01 5.8327161742078903e-01
6.2741387678960281e-01 85 6 5.9631607569241085e-01 1.1744846323120459e-01 4.4721359549995794e+19 - 0.0000000000000000e+00 6.2942504882812500e-05 - 1.1160969450391341e-01 5.8547736636196657e-01
6.4548840283041087e-01 86 6 5.6731237607541973e-01 1.0994169869964451e-01 4.4721359549995794e+19 - 0.0000000000000000e+00 6.8902969360351562e-05 - 9.8651924943498240e-02 5.8737441496545795e-01
6.6336723101978501e-01 87 6 4.9952892446561342e-01 1.0361106233496424e-01 4.4721359549995794e+19 - 0.0000000000000000e+00 6.4134597778320312e-05 - 8.8182671662757658e-02 5.8904240767918437e-01
6.8143154418567908e-01 88 6 4.7943985899977820e-01 9.8058843800650122e-02 4.4721359549995794e+19 - 0.0000000000000000e+00 6.4134597778320312e-05 - 7.9343116549905099e-02 5.9055380403406332e-01
6.9980855793482921e-01 89 6 4.8755499105250455e-01 9.3092628893481730e-02 4.4721359549995794e+19 - 0.0000000000000000e+00 6.4134597778320312e-05 - 7.1720313507940808e-02 5.9194047269339201e-01
7.1845145987610082e-01 90 6 4.6090227706157982e-01 8.8615661045974778e-02 4.4721359549995794e+19 - 0.0000000000000000e+00 6.2942504882812500e-05 - 6.5100860697154678e-02 5.9321467258186467e-01
7.3754213186399364e-01 91 6 4.5742456418276761e-01 8.4504369293119330e-02 4.4721359549995794e+19 - 0.0000000000000000e+00 6.2942504882812500e-05 - 5.9247291202455275e-02 5.9440060197324329e-01
7.5711602192329841e-01 92 6 4.7258334343566610e-01 8.0698138748190984e-02 4.4721359549995794e+19 - 0.0000000000000000e+00 6.2942504882812500e-05 - 5.4038324039659566e-02 5.9550845126406105e-01
7.7707660632752185e-01 93 6 4.3780852829720762e-01 7.7177077316782527e-02 4.4721359549995794e+19 - 0.0000000000000000e+00 6.2942504882812500e-05 - 4.9413734392209953e-02 5.9654013405070461e-01
7.9769247911167440e-01 94 6 4.6869392888927958e-01 7.3863888882463896e-02 4.4721359549995794e+19 - 0.0000000000000000e+00 6.3180923461914062e-05 - 4.5234976447124951e-02 5.9751505266703953e-01
8.1874460768333002e-01 95 6 4.4235184274965322e-01 7.0769711317685766e-02 4.4721359549995794e+19 - 0.0000000000000000e+00 6.3896179199218750e-05 - 4.1492426021990818e-02 5.9842730762471863e-01
8.4045047861988054e-01 96 6 4.3746193432497416e-01 6.7846774877490287e-02 4.4721359549995794e+19 - 0.0000000000000000e+00 6.3896179199218750e-05 - 3.8101973430063940e-02 5.9929053857654202e-01
8.6287189347328153e-01 97 6 4.5165977993304512e-01 6.5079700727976988e-02 4.4721359549995794e+19 - 0.0000000000000000e+00 6.4134597778320312e-05 - 3.5025080380268907e-02 6.0010980322760221e-01
8.8590947865208280e-01 98 6 4.3097804003453766e-01 6.2468080095768687e-02 4.4721359549995794e+19 - 0.0000000000000000e+00 6.3896179199218750e-05 - 3.2238907344259375e-02 6.0088409889902161e-01
9.0976580715787569e-01 99 6 4.4915649927785173e-01 5.9984766291800162e-02 4.4721359549995794e+19 - 0.0000000000000000e+00 6.3896179199218750e-05 - 2.9697196218300134e-02 6.0162241041713593e-01
9.3430045532763140e-01 100 6 4.3275428604152638e-01 5.7642033861892317e-02 4.4721359549995794e+19 - 0.0000000000000000e+00 6.2942504882812500e-05 - 2.7398014487771398e-02 6.0232236219052659e-01
9.5968964154703640e-01 101 6 4.5219101083375091e-01 5.5419340034657275e-02 4.4721359549995794e+19 - 0.0000000000000000e+00 6.4134597778320312e-05 - 2.5301309663391770e-02 6.0299094797428943e-01
9.8577144610921397e-01 102 6 4.2415226561169356e-01 5.3325259145226220e-02 4.4721359549995794e+19 - 0.0000000000000000e+00 6.2942504882812500e-05 - 2.3404521363073916e-02 6.0362572566532058e-01
1.0128521436854385e+00 103 6 4.2844900912939449e-01 5.1335873845914523e-02 4.4721359549995794e+19 - 0.0000000000000000e+00 6.2942504882812500e-05 - 2.1671672252098848e-02 6.0423570049925268e-01
1.0409227956450831e+00 104 6 4.2687208702850837e-01 4.9455755722507051e-02 4.4721359549995794e+19 - 0.0000000000000000e+00 6.2942504882812500e-05 - 2.0097252683217125e-02 6.0482157526855840e-01
1.0700374775402770e+00 105 6 4.2545193263661973e-01 4.7680749113641549e-02 4.4721359549995794e+19 - 0.0000000000000000e+00 6.2942504882812500e-05 - 1.8664938818957141e-02 6.0538550773990651e-01
1.1002517964406484e+00 106 6 4.2005192528286850e-01 4.6010035102885441e-02 4.4721359549995794e+19 - 0.0000000000000000e+00 6.3180923461914062e-05 - 1.7366660811800359e-02 6.0592951374040349e-01
1.1316741097685079e+00 107 6 4.1034118047056256e-01 4.4441907780296261e-02 4.4721359549995794e+19 - 0.0000000000000000e+00 6.4134597778320312e-05 - 1.6190838249097297e-02 6.0645641918412263e-01
1.1644803514809960e+00 108 6 4.1389121022818276e-01 4.2974390435672173e-02 4.4721359549995794e+19 - 0.0000000000000000e+00 6.3896179199218750e-05 - 1.5128635195436356e-02 6.0696983623048117e-01
1.1986823346765001e+00 109 6 3.8751894780525464e-01 4.1609709448035749e-02 4.4721359549995794e+19 - 0.0000000000000000e+00 6.2942504882812500e-05 - 1.4173609115392206e-02 6.0747061675653402e-01
1.2347328636591501e+00 110 6 3.8957092373783042e-01 4.0342842500894961e-02 4.4721359549995794e+19 - 0.0000000000000000e+00 6.1988830566406250e-05 - 1.3315016734782421e-02 6.0796578828907044e-01
1.2726984165244302e+00 111 6 3.7001075639003550e-01 3.9183224141498420e-02 4.4721359549995794e+19 - 0.0000000000000000e+00 6.2942504882812500e-05 - 1.2552309377065777e-02 6.0845649171910743e-01
1.3130254720413828e+00 112 6 3.7276254122812552e-01 3.8133057912325109e-02 4.4721359549995794e+19 - 0.0000000000000000e+00 6.3896179199218750e-05 - 1.1881083180671364e-02 6.0894881709004678e-01
1.3558080527780154e+00 113 6 3.0863870542310545e-01 3.7208774848866935e-02 4.4721359549995794e+19 - 0.0000000000000000e+00 6.4134597778320312e-05 - 1.1306174000482018e-02 6.0944446101926009e-01
1.4026463491103320e+00 114 6 2.8701994643491535e-01 3.6412549743043518e-02 4.4721359549995794e+19 - 0.0000000000000000e+00 6.4134597778320312e-05 - 1.0820888651320590e-02 6.0996224115871256e-01
1.4545492445786452e+00 115 6 2.2684775449215652e-01 3.5779357467054615e-02 4.4721359549995794e+19 - 0.0000000000000000e+00 6.2942504882812500e-05 - 1.0441625648408245e-02 6.1051351975440016e-01
1.5143644614263398e+00 116 6 9.9820819460744156e-02 3.5367191002880868e-02 4.4721359549995794e+19 - 0.0000000000000000e+00 6.2942504882812500e-05 - 1.0197212618378835e-02 6.1113003029997259e-01
1.5934051416546313e+00 117 6 5.2322020132623415e-01 3.5355052397392103e-02 4.4721359549995794e+19 - 0.0000000000000000e+00 6.2942504882812500e-05 - 1.0183209295547235e-02 6.1193370171029948e-01
1.6627965183747699e+00 118 7 5.5486342670338795e-01 3.5874757147758549e-02 4.4721359549995794e+19 - 0.0000000000000000e+00 1.2493133544921875e-04 - 1.0479761469821729e-02 6.1264926518268059e-01
1.7181728940777772e+00 119 8 6.3796922708896642e-01 3.6691416192085338e-02 4.4721359549995794e+19 - 0.0000000000000000e+00 1.2612342834472656e-04 - 1.0959065877509803e-02 6.1324205063682080e-01
1.7650614393080817e+00 120 9 6.0301218845999438e-01 3.7702808697930412e-02 4.4721359549995794e+19 - 0.0000000000000000e+00 1.4305114746093750e-04 - 1.1569711533710907e-02 6.1376961509769323e-01
1.8109729503127601e+00 121 9 9.5462640180488034e-01 3.9024332996539145e-02 4.4721359549995794e+19 - 0.0000000000000000e+00 6.5088272094726562e-05 - 1.2393913342942478e-02 6.1431899719658511e-01
1.8526143375111022e+00 122 9 9.8451465183104170e-01 4.0556760409603466e-02 4.4721359549995794e+19 - 0.0000000000000000e+00 6.3896179199218750e-05 - 1.3386021869230999e-02 6.1485507836465869e-01
1.8901891943153115e+00 123 9 9.1703535608850772e-01 4.2265465337309446e-02 4.4721359549995794e+19 - 0.0000000000000000e+00 6.2942504882812500e-05 - 1.4538312472323206e-02 6.1537907477075904e-01
1.9244982551733285e+00 124 9 8.6608667695377017e-01 4.4145596806533974e-02 4.4721359549995794e+19 - 0.0000000000000000e+00 6.4134597778320312e-05 - 1.5862164936713802e-02 6.1589994646342539e-01
1.9561252392604760e+00 125 9 7.9979415578231638e-01 4.6202267223176406e-02 4.4721359549995794e+19 - 0.0000000000000000e+00 6.3896179199218750e-05 - 1.7376957780869316e-02 6.1642495365036554e-01
1.9856693270482686e+00 126 9 8.0876128973005712e-01 4.8456538345537141e-02 4.4721359549995794e+19 - 0.0000000000000000e+00 6.2942504882812500e-05 - 1.9117276186538024e-02 6.1696340070777644e-01
2.0132164576818616e+00 127 9 7.7519736684177565e-01 5.0904028463246376e-02 4.4721359549995794e+19 - 0.0000000000000000e+00 6.4134597778320312e-05 - 2.1101310388045559e-02 6.1751666630965041e-01
2.0390837018875838e+00 128 9 7.5478447765057499e-01 5.3563608184202569e-02 4.4721359549995794e+19 - 0.0000000000000000e+00 6.6995620727539062e-05 - 2.3370254692016684e-02 6.1809112489917428e-01
2.0634817741103229e+00 129 9 7.4486327195267499e-01 5.6459123809310216e-02 4.4721359549995794e+19 - 0.0000000000000000e+00 7.2002410888671875e-05 - 2.5972724219622469e-02 6.1869229272779347e-01
2.0865449226052424e+00 130 9 7.3041184299778039e-01 5.9601912615786692e-02 4.4721359549995794e+19 - 0.0000000000000000e+00 7.3909759521484375e-05 - 2.8952561070516580e-02 6.1932483692026274e-01
2.1084174920288645e+00 131 9 7.3909246796647077e-01 6.3021005148869144e-02 4.4721359549995794e+19 - 0.0000000000000000e+00 6.6041946411132812e-05 - 3.2380534256478015e-02 6.1999469132129403e-01
2.1291201377563578e+00 132 9 7.2153417231559802e-01 6.6725605833272000e-02 4.4721359549995794e+19 - 0.0000000000000000e+00 7.2002410888671875e-05 - 3.6313984493984715e-02 6.2070478344726332e-01
2.1487941170090883e+00 133 9 7.1518951262562136e-01 7.0750735189621203e-02 4.4721359549995794e+19 - 0.0000000000000000e+00 7.2002410888671875e-05 - 4.0843735172713835e-02 6.2146272558835214e-01
2.1675180838034622e+00 134 9 7.1748265176741743e-01 7.5129240256759905e-02 4.4721359549995794e+19 - 0.0000000000000000e+00 7.2002410888671875e-05 - 4.6076475161446674e-02 6.2227528540225463e-01
2.1853284071548664e+00 135 9 7.1244181193873923e-01 7.9887532282151369e-02 4.4721359549995794e+19 - 0.0000000000000000e+00 7.2002410888671875e-05 - 5.2125976784734976e-02 6.2314848593435224e-01
2.2022895878323747e+00 136 9 7.1306619547846239e-01 8.5063777905990762e-02 4.4721359549995794e+19 - 0.0000000000000000e+00 6.2942504882812500e-05 - 5.9131976614086992e-02 6.2409058653341110e-01
2.2184397522679200e+00 137 9 7.3115852327216202e-01 9.0697123414400865e-02 4.4721359549995794e+19 - 0.0000000000000000e+00 6.2942504882812500e-05 - 6.7263538067206904e-02 6.2510962654533320e-01
2.2337535956137877e+00 138 9 6.9426273907955227e-01 9.6801284164687501e-02 4.4721359549995794e+19 - 0.0000000000000000e+00 6.4134597778320312e-05 - 7.6673958175490761e-02 6.2620996245623950e-01
2.2484002825877654e+00 139 9 7.1189996774832054e-01 1.0347457992946467e-01 4.4721359549995794e+19 - 0.0000000000000000e+00 6.3180923461914062e-05 - 8.7669480515888396e-02 6.2741148078524456e-01
2.2623504284060858e+00 140 9 7.4077672461202548e-01 1.1074544652918146e-01 4.4721359549995794e+19 - 0.0000000000000000e+00 6.2942504882812500e-05 - 1.0050322426625900e-01 6.2872172443237340e-01
2.2755493982099093e+00 141 9 6.9358728954822713e-01 1.1862192867600560e-01 4.4721359549995794e+19 - 0.0000000000000000e+00 6.3896179199218750e-05 - 1.1540031215365870e-01 6.3014409433545060e-01
2.2881753954609958e+00 142 9 7.6336877456035368e-01 1.2724838992058357e-01 4.4721359549995794e+19 - 0.0000000000000000e+00 6.3896179199218750e-05 - 1.3291735718066658e-01 6.3170882350833735e-01
2.3000618536758659e+00 143 9 6.6007365913042304e-01 1.3654844105324959e-01 4.4721359549995794e+19 - 0.0000000000000000e+00 6.2942504882812500e-05 - 1.5320053782771553e-01 6.3340617895816598e-01
2.3115265593648369e+00 144 9 7.5580962458613110e-01 1.4683713852573158e-01 4.4721359549995794e+19 - 0.0000000000000000e+00 6.4134597778320312e-05 - 1.7734422696096822e-01 6.3529729454232642e-01
2.3223376626600611e+00 145 9 6.6321683403578735e-01 1.5797001672442462e-01 4.4721359549995794e+19 - 0.0000000000000000e+00 6.4134597778320312e-05 - 2.0548031320761254e-01 6.3736266466393443e-01
2.3327569161180763e+00 146 9 7.4362203333344123e-01 1.7029574189179936e-01 4.4721359549995794e+19 - 0.0000000000000000e+00 6.5088272094726562e-05 - 2.3909233553533191e-01 6.3967397019685801e-01
2.3426088253969732e+00 147 9 6.9131773363914750e-01 1.8369831302685963e-01 4.4721359549995794e+19 - 0.0000000000000000e+00 6.4134597778320312e-05 - 2.7856318721215001e-01 6.4221863793064959e-01
2.3520382088536684e+00 148 9 6.9031630411892209e-01 1.9845847834959643e-01 4.4721359549995794e+19 - 0.0000000000000000e+00 6.3896179199218750e-05 - 3.2558664843421259e-01 6.4506095237609584e-01
2.3610653683976226e+00 149 9 7.5170170886241083e-01 2.1473996233821566e-01 4.4721359549995794e+19 - 0.0000000000000000e+00 6.4849853515625000e-05 - 3.8178690460209658e-01 6.4824662214399265e-01
2.3695856255918168e+00 150 9 7.2043372060525634e-01 2.3244195140518814e-01 4.4721359549995794e+19 - 0.0000000000000000e+00 6.5088272094726562e-05 - 4.4805464622133601e-01 6.5177397332912268e-01
2.3776845909633257e+00 151 9 6.5492892843611739e-01 2.5181367504145324e-01 4.4721359549995794e+19 - 0.0000000000000000e+00 6.3896179199218750e-05 - 5.2676067070348009e-01 6.5571263967902160e-01
2.3855063846388127e+00 152 9 6.9432322271568403e-01 2.7335738669018117e-01 4.4721359549995794e+19 - 0.0000000000000000e+00 6.3896179199218750e-05 - 6.2193262062759680e-01 6.6019458979140677e-01
2.3929873087668487e+00 153 9 6.9759313327195061e-01 2.9707436246090546e-01 4.4721359549995794e+19 - 0.0000000000000000e+00 6.4134597778320312e-05 - 7.3604217844195252e-01 6.6526200139385294e-01
2.4001366176346806e+00 154 9 6.9759490884915043e-01 3.2312184912837216e-01 4.4721359549995794e+19 - 0.0000000000000000e+00 6.3180923461914062e-05 - 8.7268844839078652e-01 6.7099896514282587e-01
2.4069690082230837e+00 155 9 7.1217104994613645e-01 3.5162998968761527e-01 4.4721359549995794e+19 - 0.0000000000000000e+00 6.2942504882812500e-05 - 1.0359045267281104e+00 6.7750365965740500e-01
2.4134760631992509e+00 156 9 6.3406219453626389e-01 3.8253325556113371e-01 4.4721359549995794e+19 - 0.0000000000000000e+00 6.3896179199218750e-05 - 1.2290182482600318e+00 6.8485590339199842e-01
2.4197944325371541e+00 157 9 6.3253327289881367e-01 4.1642818711265567e-01 4.4721359549995794e+19 - 0.0000000000000000e+00 6.3896179199218750e-05 - 1.4602907920320318e+00 6.9333324354810899e-01
2.4259320566734321e+00 158 9 5.9019146406628364e-01 4.5318176982224506e-01 4.4721359549995794e+19 - 0.0000000000000000e+00 6.3896179199218750e-05 - 1.7342127219725172e+00 7.0311652792900214e-01
2.4319633526935522e+00 159 9 5.5962650083357623e-01 4.9276346276561539e-01 4.4721359549995794e+19 - 0.0000000000000000e+00 6.5088272094726562e-05 - 2.0562347777965728e+00 7.1452698639579548e-01
2.4379429248169138e+00 160 9 4.1349210677736814e-01 5.3446208466115430e-01 4.4721359549995794e+19 - 0.0000000000000000e+00 6.3896179199218750e-05 - 2.4258339826118882e+00 7.2791028361020804e-01
2.4441779002609580e+00 161 9 4.1075209864145090e-01 5.7817566066100723e-01 4.4721359549995794e+19 - 0.0000000000000000e+00 6.3896179199218750e-05 - 2.8466458400683425e+00 7.4433991837811353e-01
2.4506863960018057e+00 162 9 8.7018954575923990e-01 6.1893167248886305e-01 4.4721359549995794e+19 - 0.0000000000000000e+00 6.3896179199218750e-05 - 3.2693430206232268e+00 7.6426778617239777e-01
2.4553136643458151e+00 163 10 4.4135035818813345e-01 6.4022491394785641e-01 4.4721359549995794e+19 - 0.0000000000000000e+00 1.2493133544921875e-04 - 3.5009536091544957e+00 7.7995764162993331e-01
2.4594896465527989e+00 164 11 5.0401073594600954e-01 6.5016889439207559e-01 4.4721359549995794e+19 - 0.0000000000000000e+00 1.2421607971191406e-04 - 3.6102678181270091e+00 7.9483640079534501e-01
2.4637026762239937e+00 165 11 8.4630237747730752e-01 6.4811744770944935e-01 4.4721359549995794e+19 - 0.0000000000000000e+00 6.3180923461914062e-05 - 3.5838352266384588e+00 8.1003123512476638e-01
2.4676013428500663e+00 166 11 6.6295064698834394e-01 6.3338927560209690e-01 4.4721359549995794e+19 - 0.0000000000000000e+00 6.5088272094726562e-05 - 3.4164983308100965e+00 8.2371161862930287e-01
2.4713589531995939e+00 167 11 5.2626534841670181e-01 6.0760110115030108e-01 4.4721359549995794e+19 - 0.0000000000000000e+00 6.4849853515625000e-05 - 3.1291944632473245e+00 8.3603677546797395e-01
2.4751226976104652e+00 168 11 4.1099524458126729e-01 5.7060386098371596e-01 4.4721359549995794e+19 - 0.0000000000000000e+00 6.4134597778320312e-05 - 2.7440396775922355e+00 8.4710775023659346e-01
2.4790511651311400e+00 169 11 3.2932786907512285e-01 5.2226033543513906e-01 4.4721359549995794e+19 - 0.0000000000000000e+00 6.3180923461914062e-05 - 2.2849993063504996e+00 8.5699373453913175e-01
2.4833057866173092e+00 170 11 2.9878173686031895e-01 4.6271635605528838e-01 4.4721359549995794e+19 - 0.0000000000000000e+00 6.6995620727539062e-05 - 1.7830045669011862e+00 8.6564104387706675e-01
2.4879890052232376e+00 171 11 4.5255557943488228e-01 3.9419375539516233e-01 4.4721359549995794e+19 - 0.0000000000000000e+00 7.0810317993164062e-05 - 1.2875512965197375e+00 8.7280644537035856e-01
2.4927993361276606e+00 172 11 3.6759356341111549e-01 3.2614540614306692e-01 4.4721359549995794e+19 - 0.0000000000000000e+00 7.0095062255859375e-05 - 8.7933256012441641e-01 8.7798495637622354e-01
2.4979144598858554e+00 173 11 3.2761545229331079e-01 2.6085684862108277e-01 4.4721359549995794e+19 - 0.0000000000000000e+00 8.7976455688476562e-05 - 5.6351587337962272e-01 8.8163791661069757e-01
2.5034590731418316e+00 174 11 3.1913440671764326e-01 2.0094052077529417e-01 4.4721359549995794e+19 - 0.0000000000000000e+00 6.6041946411132812e-05 - 3.3711737245025386e-01 8.8409859752492159e-01
2.5094955679324733e+00 175 11 2.8069914498723336e-01 1.4896933464016890e-01 4.4721359549995794e+19 - 0.0000000000000000e+00 6.6995620727539062e-05 - 1.8849580395317017e-01 8.8565413358596645e-01
2.5162096579244069e+00 176 11 2.7024494374359148e-01 1.0555841751647373e-01 4.4721359549995794e+19 - 0.0000000000000000e+00 7.4148178100585938e-05 - 9.7480798896252899e-02 8.8658967496091845e-01
2.5237247920828421e+00 177 11 2.1655352541229583e-01 7.1262268353537217e-02 4.4721359549995794e+19 - 0.0000000000000000e+00 6.4134597778320312e-05 - 4.6448649408767008e-02 8.8711292692204047e-01
2.5324528651033695e+00 178 11 2.0547251007400602e-01 4.5070666010594174e-02 4.4721359549995794e+19 - 0.0000000000000000e+00 6.3180923461914062e-05 - 1.9721127419744217e-02 8.8738929927752641e-01
2.5426787741595818e+00 179 11 2.1770166147396400e-01 2.7610081614516547e-02 4.4721359549995794e+19 - 0.0000000000000000e+00 8.7976455688476562e-05 - 7.2962638873242018e-03 8.8751964746717449e-01
2.5545446776443876e+00 180 11 1.8652795305580841e-01 1.5930301567692529e-02 4.4721359549995794e+19 - 0.0000000000000000e+00 6.6041946411132812e-05 - 2.3280361040014970e-03 8.8757262238975820e-01
2.5686728505155063e+00 181 11 1.5794847267100340e-01 8.3058961731104167e-03 4.4721359549995794e+19 - 0.0000000000000000e+00 6.3180923461914062e-05 - 6.0288898093734296e-04 8.8759132201153734e-01
2.5859674007138760e+00 182 11 1.0398514860783994e-01 3.8155872358617724e-03 4.4721359549995794e+19 - 0.0000000000000000e+00 6.2942504882812500e-05 - 1.1893388189550483e-04 8.8759674996672400e-01
2.6086655210714946e+00 183 11 6.7829352231475931e-02 1.4240699425545956e-03 4.4721359549995794e+19 - 0.0000000000000000e+00 6.1988830566406250e-05 - 1.5101127632949121e-05 8.8759798586736216e-01
2.6406541868007691e+00 184 11 3.0732592106522596e-02 4.1811386781041013e-04 4.4721359549995794e+19 - 0.0000000000000000e+00 6.1988830566406250e-05 - 1.1485940710082186e-06 8.8759817854811418e-01
2.6920947170337204e+00 185 11 8.5530000204683387e-03 9.1313132217307752e-05 4.4721359549995794e+19 - 0.0000000000000000e+00 6.2942504882812500e-05 - 6.2904102123634059e-08 8.8759820009529522e-01
2.7846876714530326e+00 186 11 1.3508384478823714e-03 1.2852846102351378e-05 4.4721359549995794e+19 - 0.0000000000000000e+00 6.2942504882812500e-05 - 1.3204898032019022e-09 8.8759820198946970e-01
2.9513549894077951e+00 187 11 4.0409962788287936e-05 5.7912836726181638e-07 4.4721359549995794e+19 - 0.0000000000000000e+00 6.1988830566406250e-05 - 2.6785523030610988e-12 8.8759820204955375e-01
3.2513561617263669e+00 188 11 5.8471727002530853e-08 4.9526531320509550e-09 4.4721359549995794e+19 - 0.0000000000000000e+00 6.1988830566406250e-05 - 1.9989782113543477e-16 8.8759820204975814e-01
3.7913582718997967e+00 189 11 2.1713304741942995e-12 5.8082649800894611e-12 4.4721359549995794e+19 - 0.0000000000000000e+00 6.1988830566406250e-05 - 2.7501447575764064e-22 8.8759820204975814e-01
4.7633620702119703e+00 190 11 1.2080665206361149e-18 6.8833827526759707e-16 4.4721359549995794e+19 - 0.0000000000000000e+00 6.2942504882812500e-05 - 3.6115038317149447e-30 8.8759820204975814e-01
6.5129689071738825e+00 191 11 3.0814879110195768e-23 5.5511151231257827e-16 4.4721359549995794e+19 - 0.0000000000000000e+00 6.1988830566406250e-05 - 2.9705543462228726e-30 8.8759820204975814e-01
9.6622612137053245e+00 192 11 4.8148248609680890e-23 4.2188474935755947e-16 4.4721359549995794e+19 - 0.0000000000000000e+00 6.2942504882812500e-05 - 1.4421363423571622e-30 8.8759820204975814e-01
1.5330987365461919e+01 193 11 7.7037197775489419e-24 3.5527136788005011e-16 4.4721359549995794e+19 - 0.0000000000000000e+00 6.2942504882812500e-05 - 1.1832913578315177e-30 8.8759820204975814e-01
2.5534694438623788e+01 194 11 1.9721522630525291e-21 3.5527136788005011e-16 4.4721359549995794e+19 - 0.0000000000000000e+00 6.1988830566406250e-05 - 1.1832913578315177e-30 8.8759820204975814e-01
4.3901367170315154e+01 195 11 1.5099290763995927e-21 3.5527136788005011e-16 4.4721359549995794e+19 - 0.0000000000000000e+00 6.2942504882812500e-05 - 1.1832913578315177e-30 8.8759820204975814e-01
7.6961378087359606e+01 196 11 1.5099290763995927e-21 6.8833827526759707e-16 4.4721359549995794e+19 - 0.0000000000000000e+00 6.1988830566406250e-05 - 4.2524533172070168e-30 8.8759820204975814e-01
1.3646939773803962e+02 197 11 0.0000000000000000e+00 5.5511151231257827e-16 4.4721359549995794e+19 - 0.0000000000000000e+00 6.1988830566406250e-05 - 2.9705543462228726e-30 8.8759820204975814e-01
